2016-01-18T11:16:28.650+0000 [initandlisten] MongoDB starting : pid=4500 port=27017 dbpath=data/ 64-bit host=poxstone-flask-2418746
2016-01-18T11:16:28.650+0000 [initandlisten] db version v2.6.11
2016-01-18T11:16:28.650+0000 [initandlisten] git version: d00c1735675c457f75a12d530bee85421f0c5548
2016-01-18T11:16:28.650+0000 [initandlisten] build info: Linux build4.ny.cbi.10gen.cc 2.6.32-431.3.1.el6.x86_64 #1 SMP Fri Jan 3 21:39:27 UTC 2014 x86_64 BOOST_LIB_VERSION=1_49
2016-01-18T11:16:28.650+0000 [initandlisten] allocator: tcmalloc
2016-01-18T11:16:28.650+0000 [initandlisten] options: { config: "mongod.conf", net: { bindIp: "127.0.0.1", port: 27017 }, storage: { dbPath: "data/", journal: { enabled: true }, smallFiles: true }, systemLog: { destination: "file", logAppend: true, path: "mongodb.log" } }
2016-01-18T11:16:28.656+0000 [initandlisten] journal dir=data/journal
2016-01-18T11:16:28.656+0000 [initandlisten] recover begin
2016-01-18T11:16:28.656+0000 [initandlisten] recover lsn: 7308537
2016-01-18T11:16:28.656+0000 [initandlisten] recover data/journal/j._0
2016-01-18T11:16:28.657+0000 [initandlisten] recover skipping application of section seq:0 < lsn:7308537
2016-01-18T11:16:28.657+0000 [initandlisten] recover skipping application of section seq:59445 < lsn:7308537
2016-01-18T11:16:28.657+0000 [initandlisten] recover skipping application of section seq:6534856 < lsn:7308537
2016-01-18T11:16:28.657+0000 [initandlisten] recover skipping application of section seq:6832256 < lsn:7308537
2016-01-18T11:16:28.657+0000 [initandlisten] recover skipping application of section seq:7070287 < lsn:7308537
2016-01-18T11:16:28.657+0000 [initandlisten] recover skipping application of section seq:7189387 < lsn:7308537
2016-01-18T11:16:28.657+0000 [initandlisten] recover skipping application of section seq:7248967 < lsn:7308537
2016-01-18T11:16:28.659+0000 [initandlisten] recover cleaning up
2016-01-18T11:16:28.659+0000 [initandlisten] removeJournalFiles
2016-01-18T11:16:28.661+0000 [initandlisten] recover done
2016-01-18T11:16:28.917+0000 [initandlisten] preallocateIsFaster=true 3.22
2016-01-18T11:16:29.132+0000 [initandlisten] waiting for connections on port 27017
2016-01-18T11:17:29.133+0000 [clientcursormon] mem (MB) res:44 virt:247
2016-01-18T11:17:29.133+0000 [clientcursormon]  mapped (incl journal view):64
2016-01-18T11:17:29.133+0000 [clientcursormon]  connections:0
2016-01-18T11:22:29.146+0000 [clientcursormon] mem (MB) res:44 virt:247
2016-01-18T11:22:29.146+0000 [clientcursormon]  mapped (incl journal view):64
2016-01-18T11:22:29.146+0000 [clientcursormon]  connections:0
2016-01-18T11:27:02.204+0000 [signalProcessingThread] got signal 2 (Interrupt), will terminate after current cmd ends
2016-01-18T11:27:02.205+0000 [signalProcessingThread] now exiting
2016-01-18T11:27:02.205+0000 [signalProcessingThread] dbexit: 
2016-01-18T11:27:02.205+0000 [signalProcessingThread] shutdown: going to close listening sockets...
2016-01-18T11:27:02.205+0000 [signalProcessingThread] closing listening socket: 8
2016-01-18T11:27:02.205+0000 [signalProcessingThread] closing listening socket: 11
2016-01-18T11:27:02.205+0000 [signalProcessingThread] removing socket file: /tmp/mongodb-27017.sock
2016-01-18T11:27:02.205+0000 [signalProcessingThread] shutdown: going to flush diaglog...
2016-01-18T11:27:02.205+0000 [signalProcessingThread] shutdown: going to close sockets...
2016-01-18T11:27:02.205+0000 [signalProcessingThread] shutdown: waiting for fs preallocator...
2016-01-18T11:27:02.205+0000 [signalProcessingThread] shutdown: lock for final commit...
2016-01-18T11:27:02.205+0000 [signalProcessingThread] shutdown: final commit...
2016-01-18T11:27:02.208+0000 [signalProcessingThread] shutdown: closing all files...
2016-01-18T11:27:02.209+0000 [signalProcessingThread] closeAllFiles() finished
2016-01-18T11:27:02.209+0000 [signalProcessingThread] journalCleanup...
2016-01-18T11:27:02.209+0000 [signalProcessingThread] removeJournalFiles
2016-01-18T11:27:02.213+0000 [signalProcessingThread] shutdown: removing fs lock...
2016-01-18T11:27:02.214+0000 [signalProcessingThread] dbexit: really exiting now
2016-01-18T11:31:11.532+0000 ***** SERVER RESTARTED *****
2016-01-18T11:31:11.536+0000 [initandlisten] MongoDB starting : pid=738 port=27017 dbpath=data/ 64-bit host=poxstone-flask-2418746
2016-01-18T11:31:11.536+0000 [initandlisten] db version v2.6.11
2016-01-18T11:31:11.536+0000 [initandlisten] git version: d00c1735675c457f75a12d530bee85421f0c5548
2016-01-18T11:31:11.536+0000 [initandlisten] build info: Linux build4.ny.cbi.10gen.cc 2.6.32-431.3.1.el6.x86_64 #1 SMP Fri Jan 3 21:39:27 UTC 2014 x86_64 BOOST_LIB_VERSION=1_49
2016-01-18T11:31:11.536+0000 [initandlisten] allocator: tcmalloc
2016-01-18T11:31:11.536+0000 [initandlisten] options: { config: "mongod.conf", net: { bindIp: "127.0.0.1", port: 27017 }, storage: { dbPath: "data/", journal: { enabled: true }, smallFiles: true }, systemLog: { destination: "file", logAppend: true, path: "mongodb.log" } }
2016-01-18T11:31:11.543+0000 [initandlisten] journal dir=data/journal
2016-01-18T11:31:11.543+0000 [initandlisten] recover : no journal files present, no recovery needed
2016-01-18T11:31:11.738+0000 [initandlisten] waiting for connections on port 27017
2016-01-18T11:31:58.012+0000 [initandlisten] connection accepted from 127.0.0.1:51526 #1 (1 connection now open)
2016-01-18T11:32:11.735+0000 [clientcursormon] mem (MB) res:44 virt:248
2016-01-18T11:32:11.735+0000 [clientcursormon]  mapped (incl journal view):64
2016-01-18T11:32:11.735+0000 [clientcursormon]  connections:1
2016-01-18T11:37:11.749+0000 [clientcursormon] mem (MB) res:44 virt:248
2016-01-18T11:37:11.749+0000 [clientcursormon]  mapped (incl journal view):64
2016-01-18T11:37:11.749+0000 [clientcursormon]  connections:1
2016-01-18T11:42:11.772+0000 [clientcursormon] mem (MB) res:44 virt:248
2016-01-18T11:42:11.772+0000 [clientcursormon]  mapped (incl journal view):64
2016-01-18T11:42:11.772+0000 [clientcursormon]  connections:1
2016-01-18T11:42:25.769+0000 [initandlisten] connection accepted from 127.0.0.1:56412 #2 (2 connections now open)
2016-01-18T11:42:25.769+0000 [initandlisten] connection accepted from 127.0.0.1:56414 #3 (3 connections now open)
2016-01-18T11:42:25.770+0000 [conn3] end connection 127.0.0.1:56414 (2 connections now open)
2016-01-18T11:42:26.291+0000 [conn2] end connection 127.0.0.1:56412 (1 connection now open)
2016-01-18T11:47:11.787+0000 [clientcursormon] mem (MB) res:44 virt:250
2016-01-18T11:47:11.787+0000 [clientcursormon]  mapped (incl journal view):64
2016-01-18T11:47:11.787+0000 [clientcursormon]  connections:1
2016-01-18T11:52:11.800+0000 [clientcursormon] mem (MB) res:44 virt:250
2016-01-18T11:52:11.800+0000 [clientcursormon]  mapped (incl journal view):64
2016-01-18T11:52:11.800+0000 [clientcursormon]  connections:1
2016-01-18T11:57:11.814+0000 [clientcursormon] mem (MB) res:44 virt:250
2016-01-18T11:57:11.814+0000 [clientcursormon]  mapped (incl journal view):64
2016-01-18T11:57:11.814+0000 [clientcursormon]  connections:1
2016-01-18T12:02:11.827+0000 [clientcursormon] mem (MB) res:44 virt:250
2016-01-18T12:02:11.828+0000 [clientcursormon]  mapped (incl journal view):64
2016-01-18T12:02:11.828+0000 [clientcursormon]  connections:1
2016-01-18T12:05:18.236+0000 [signalProcessingThread] got signal 2 (Interrupt), will terminate after current cmd ends
2016-01-18T12:05:18.236+0000 [signalProcessingThread] now exiting
2016-01-18T12:05:18.236+0000 [signalProcessingThread] dbexit: 
2016-01-18T12:05:18.236+0000 [signalProcessingThread] shutdown: going to close listening sockets...
2016-01-18T12:05:18.237+0000 [signalProcessingThread] closing listening socket: 8
2016-01-18T12:05:18.237+0000 [signalProcessingThread] closing listening socket: 11
2016-01-18T12:05:18.237+0000 [signalProcessingThread] removing socket file: /tmp/mongodb-27017.sock
2016-01-18T12:05:18.237+0000 [signalProcessingThread] shutdown: going to flush diaglog...
2016-01-18T12:05:18.237+0000 [signalProcessingThread] shutdown: going to close sockets...
2016-01-18T12:05:18.237+0000 [signalProcessingThread] shutdown: waiting for fs preallocator...
2016-01-18T12:05:18.237+0000 [signalProcessingThread] shutdown: lock for final commit...
2016-01-18T12:05:18.238+0000 [conn1] end connection 127.0.0.1:51526 (0 connections now open)
2016-01-18T12:05:18.239+0000 [signalProcessingThread] shutdown: final commit...
2016-01-18T12:05:18.246+0000 [signalProcessingThread] shutdown: closing all files...
2016-01-18T12:05:18.247+0000 [signalProcessingThread] closeAllFiles() finished
2016-01-18T12:05:18.247+0000 [signalProcessingThread] journalCleanup...
2016-01-18T12:05:18.247+0000 [signalProcessingThread] removeJournalFiles
2016-01-18T12:05:18.254+0000 [signalProcessingThread] shutdown: removing fs lock...
2016-01-18T12:05:18.254+0000 [signalProcessingThread] dbexit: really exiting now
2016-01-18T12:44:51.788+0000 ***** SERVER RESTARTED *****
2016-01-18T12:44:51.792+0000 [initandlisten] MongoDB starting : pid=3504 port=27017 dbpath=data/ 64-bit host=poxstone-flask-2418746
2016-01-18T12:44:51.792+0000 [initandlisten] db version v2.6.11
2016-01-18T12:44:51.792+0000 [initandlisten] git version: d00c1735675c457f75a12d530bee85421f0c5548
2016-01-18T12:44:51.792+0000 [initandlisten] build info: Linux build4.ny.cbi.10gen.cc 2.6.32-431.3.1.el6.x86_64 #1 SMP Fri Jan 3 21:39:27 UTC 2014 x86_64 BOOST_LIB_VERSION=1_49
2016-01-18T12:44:51.792+0000 [initandlisten] allocator: tcmalloc
2016-01-18T12:44:51.792+0000 [initandlisten] options: { config: "mongod.conf", net: { bindIp: "127.0.0.1", port: 27017 }, storage: { dbPath: "data/", journal: { enabled: true }, smallFiles: true }, systemLog: { destination: "file", logAppend: true, path: "mongodb.log" } }
2016-01-18T12:44:51.800+0000 [initandlisten] journal dir=data/journal
2016-01-18T12:44:51.800+0000 [initandlisten] recover : no journal files present, no recovery needed
2016-01-18T12:44:51.988+0000 [initandlisten] waiting for connections on port 27017
2016-01-18T12:45:07.153+0000 [initandlisten] connection accepted from 127.0.0.1:35660 #1 (1 connection now open)
2016-01-18T12:45:12.211+0000 [conn1] end connection 127.0.0.1:35660 (0 connections now open)
2016-01-18T12:45:13.646+0000 [initandlisten] connection accepted from 127.0.0.1:35950 #2 (1 connection now open)
2016-01-18T12:45:51.989+0000 [clientcursormon] mem (MB) res:44 virt:248
2016-01-18T12:45:51.990+0000 [clientcursormon]  mapped (incl journal view):64
2016-01-18T12:45:51.990+0000 [clientcursormon]  connections:1
2016-01-18T12:50:52.003+0000 [clientcursormon] mem (MB) res:44 virt:248
2016-01-18T12:50:52.003+0000 [clientcursormon]  mapped (incl journal view):64
2016-01-18T12:50:52.003+0000 [clientcursormon]  connections:1
2016-01-18T12:55:52.017+0000 [clientcursormon] mem (MB) res:44 virt:248
2016-01-18T12:55:52.018+0000 [clientcursormon]  mapped (incl journal view):64
2016-01-18T12:55:52.018+0000 [clientcursormon]  connections:1
2016-01-18T13:00:52.037+0000 [clientcursormon] mem (MB) res:44 virt:248
2016-01-18T13:00:52.037+0000 [clientcursormon]  mapped (incl journal view):64
2016-01-18T13:00:52.037+0000 [clientcursormon]  connections:1
2016-01-18T13:05:52.059+0000 [clientcursormon] mem (MB) res:44 virt:248
2016-01-18T13:05:52.059+0000 [clientcursormon]  mapped (incl journal view):64
2016-01-18T13:05:52.059+0000 [clientcursormon]  connections:1
2016-01-18T13:10:52.072+0000 [clientcursormon] mem (MB) res:44 virt:248
2016-01-18T13:10:52.072+0000 [clientcursormon]  mapped (incl journal view):64
2016-01-18T13:10:52.072+0000 [clientcursormon]  connections:1
2016-01-18T13:15:52.084+0000 [clientcursormon] mem (MB) res:44 virt:248
2016-01-18T13:15:52.084+0000 [clientcursormon]  mapped (incl journal view):64
2016-01-18T13:15:52.085+0000 [clientcursormon]  connections:1
2016-01-18T13:20:52.098+0000 [clientcursormon] mem (MB) res:44 virt:248
2016-01-18T13:20:52.098+0000 [clientcursormon]  mapped (incl journal view):64
2016-01-18T13:20:52.098+0000 [clientcursormon]  connections:1
2016-01-18T13:25:52.116+0000 [clientcursormon] mem (MB) res:44 virt:248
2016-01-18T13:25:52.116+0000 [clientcursormon]  mapped (incl journal view):64
2016-01-18T13:25:52.116+0000 [clientcursormon]  connections:1
2016-01-18T13:30:52.130+0000 [clientcursormon] mem (MB) res:44 virt:248
2016-01-18T13:30:52.130+0000 [clientcursormon]  mapped (incl journal view):64
2016-01-18T13:30:52.130+0000 [clientcursormon]  connections:1
2016-01-18T13:35:52.146+0000 [clientcursormon] mem (MB) res:44 virt:248
2016-01-18T13:35:52.146+0000 [clientcursormon]  mapped (incl journal view):64
2016-01-18T13:35:52.146+0000 [clientcursormon]  connections:1
2016-01-18T13:40:52.159+0000 [clientcursormon] mem (MB) res:44 virt:248
2016-01-18T13:40:52.159+0000 [clientcursormon]  mapped (incl journal view):64
2016-01-18T13:40:52.159+0000 [clientcursormon]  connections:1
2016-01-18T13:45:52.173+0000 [clientcursormon] mem (MB) res:44 virt:248
2016-01-18T13:45:52.174+0000 [clientcursormon]  mapped (incl journal view):64
2016-01-18T13:45:52.174+0000 [clientcursormon]  connections:1
2016-01-18T13:50:52.187+0000 [clientcursormon] mem (MB) res:44 virt:248
2016-01-18T13:50:52.187+0000 [clientcursormon]  mapped (incl journal view):64
2016-01-18T13:50:52.187+0000 [clientcursormon]  connections:1
2016-01-18T13:55:52.199+0000 [clientcursormon] mem (MB) res:44 virt:248
2016-01-18T13:55:52.199+0000 [clientcursormon]  mapped (incl journal view):64
2016-01-18T13:55:52.199+0000 [clientcursormon]  connections:1
2016-01-18T14:00:52.217+0000 [clientcursormon] mem (MB) res:44 virt:248
2016-01-18T14:00:52.217+0000 [clientcursormon]  mapped (incl journal view):64
2016-01-18T14:00:52.217+0000 [clientcursormon]  connections:1
2016-01-18T14:05:52.239+0000 [clientcursormon] mem (MB) res:44 virt:248
2016-01-18T14:05:52.239+0000 [clientcursormon]  mapped (incl journal view):64
2016-01-18T14:05:52.239+0000 [clientcursormon]  connections:1
2016-01-18T14:10:52.271+0000 [clientcursormon] mem (MB) res:44 virt:248
2016-01-18T14:10:52.271+0000 [clientcursormon]  mapped (incl journal view):64
2016-01-18T14:10:52.271+0000 [clientcursormon]  connections:1
2016-01-18T14:15:52.287+0000 [clientcursormon] mem (MB) res:44 virt:248
2016-01-18T14:15:52.287+0000 [clientcursormon]  mapped (incl journal view):64
2016-01-18T14:15:52.287+0000 [clientcursormon]  connections:1
2016-01-18T14:20:52.305+0000 [clientcursormon] mem (MB) res:44 virt:248
2016-01-18T14:20:52.305+0000 [clientcursormon]  mapped (incl journal view):64
2016-01-18T14:20:52.305+0000 [clientcursormon]  connections:1
2016-01-18T14:25:52.320+0000 [clientcursormon] mem (MB) res:44 virt:248
2016-01-18T14:25:52.320+0000 [clientcursormon]  mapped (incl journal view):64
2016-01-18T14:25:52.320+0000 [clientcursormon]  connections:1
2016-01-18T14:30:52.335+0000 [clientcursormon] mem (MB) res:44 virt:248
2016-01-18T14:30:52.335+0000 [clientcursormon]  mapped (incl journal view):64
2016-01-18T14:30:52.335+0000 [clientcursormon]  connections:1
2016-01-18T14:35:52.350+0000 [clientcursormon] mem (MB) res:44 virt:248
2016-01-18T14:35:52.350+0000 [clientcursormon]  mapped (incl journal view):64
2016-01-18T14:35:52.350+0000 [clientcursormon]  connections:1
2016-01-18T14:40:52.390+0000 [clientcursormon] mem (MB) res:44 virt:248
2016-01-18T14:40:52.390+0000 [clientcursormon]  mapped (incl journal view):64
2016-01-18T14:40:52.390+0000 [clientcursormon]  connections:1
2016-01-18T14:45:52.409+0000 [clientcursormon] mem (MB) res:44 virt:248
2016-01-18T14:45:52.409+0000 [clientcursormon]  mapped (incl journal view):64
2016-01-18T14:45:52.409+0000 [clientcursormon]  connections:1
2016-01-18T14:50:52.430+0000 [clientcursormon] mem (MB) res:44 virt:248
2016-01-18T14:50:52.430+0000 [clientcursormon]  mapped (incl journal view):64
2016-01-18T14:50:52.430+0000 [clientcursormon]  connections:1
2016-01-18T14:55:52.447+0000 [clientcursormon] mem (MB) res:44 virt:248
2016-01-18T14:55:52.447+0000 [clientcursormon]  mapped (incl journal view):64
2016-01-18T14:55:52.447+0000 [clientcursormon]  connections:1
2016-01-18T15:00:52.472+0000 [clientcursormon] mem (MB) res:44 virt:248
2016-01-18T15:00:52.473+0000 [clientcursormon]  mapped (incl journal view):64
2016-01-18T15:00:52.473+0000 [clientcursormon]  connections:1
2016-01-18T15:05:52.491+0000 [clientcursormon] mem (MB) res:44 virt:248
2016-01-18T15:05:52.491+0000 [clientcursormon]  mapped (incl journal view):64
2016-01-18T15:05:52.491+0000 [clientcursormon]  connections:1
2016-01-18T15:10:52.507+0000 [clientcursormon] mem (MB) res:44 virt:248
2016-01-18T15:10:52.507+0000 [clientcursormon]  mapped (incl journal view):64
2016-01-18T15:10:52.507+0000 [clientcursormon]  connections:1
2016-01-18T15:15:52.524+0000 [clientcursormon] mem (MB) res:44 virt:248
2016-01-18T15:15:52.524+0000 [clientcursormon]  mapped (incl journal view):64
2016-01-18T15:15:52.524+0000 [clientcursormon]  connections:1
2016-01-18T15:20:52.537+0000 [clientcursormon] mem (MB) res:44 virt:248
2016-01-18T15:20:52.537+0000 [clientcursormon]  mapped (incl journal view):64
2016-01-18T15:20:52.537+0000 [clientcursormon]  connections:1
2016-01-18T15:25:52.554+0000 [clientcursormon] mem (MB) res:44 virt:248
2016-01-18T15:25:52.554+0000 [clientcursormon]  mapped (incl journal view):64
2016-01-18T15:25:52.554+0000 [clientcursormon]  connections:1
2016-01-18T15:30:52.569+0000 [clientcursormon] mem (MB) res:44 virt:248
2016-01-18T15:30:52.569+0000 [clientcursormon]  mapped (incl journal view):64
2016-01-18T15:30:52.569+0000 [clientcursormon]  connections:1
2016-01-18T15:35:52.595+0000 [clientcursormon] mem (MB) res:39 virt:248
2016-01-18T15:35:52.595+0000 [clientcursormon]  mapped (incl journal view):64
2016-01-18T15:35:52.595+0000 [clientcursormon]  connections:1
2016-01-18T15:40:52.610+0000 [clientcursormon] mem (MB) res:39 virt:248
2016-01-18T15:40:52.610+0000 [clientcursormon]  mapped (incl journal view):64
2016-01-18T15:40:52.610+0000 [clientcursormon]  connections:1
2016-01-18T15:45:52.624+0000 [clientcursormon] mem (MB) res:37 virt:248
2016-01-18T15:45:52.624+0000 [clientcursormon]  mapped (incl journal view):64
2016-01-18T15:45:52.624+0000 [clientcursormon]  connections:1
2016-01-18T15:50:52.645+0000 [clientcursormon] mem (MB) res:37 virt:248
2016-01-18T15:50:52.645+0000 [clientcursormon]  mapped (incl journal view):64
2016-01-18T15:50:52.645+0000 [clientcursormon]  connections:1
2016-01-18T15:55:52.670+0000 [clientcursormon] mem (MB) res:33 virt:248
2016-01-18T15:55:52.670+0000 [clientcursormon]  mapped (incl journal view):64
2016-01-18T15:55:52.670+0000 [clientcursormon]  connections:1
2016-01-18T16:00:52.687+0000 [clientcursormon] mem (MB) res:33 virt:248
2016-01-18T16:00:52.687+0000 [clientcursormon]  mapped (incl journal view):64
2016-01-18T16:00:52.687+0000 [clientcursormon]  connections:1
2016-01-18T16:05:52.704+0000 [clientcursormon] mem (MB) res:30 virt:248
2016-01-18T16:05:52.704+0000 [clientcursormon]  mapped (incl journal view):64
2016-01-18T16:05:52.704+0000 [clientcursormon]  connections:1
2016-01-18T16:10:52.727+0000 [clientcursormon] mem (MB) res:30 virt:248
2016-01-18T16:10:52.728+0000 [clientcursormon]  mapped (incl journal view):64
2016-01-18T16:10:52.728+0000 [clientcursormon]  connections:1
2016-01-18T16:15:52.751+0000 [clientcursormon] mem (MB) res:30 virt:248
2016-01-18T16:15:52.751+0000 [clientcursormon]  mapped (incl journal view):64
2016-01-18T16:15:52.751+0000 [clientcursormon]  connections:1
2016-01-18T16:20:52.764+0000 [clientcursormon] mem (MB) res:30 virt:248
2016-01-18T16:20:52.764+0000 [clientcursormon]  mapped (incl journal view):64
2016-01-18T16:20:52.764+0000 [clientcursormon]  connections:1
2016-01-18T16:25:52.779+0000 [clientcursormon] mem (MB) res:30 virt:248
2016-01-18T16:25:52.779+0000 [clientcursormon]  mapped (incl journal view):64
2016-01-18T16:25:52.779+0000 [clientcursormon]  connections:1
2016-01-18T16:30:52.806+0000 [clientcursormon] mem (MB) res:30 virt:248
2016-01-18T16:30:52.806+0000 [clientcursormon]  mapped (incl journal view):64
2016-01-18T16:30:52.806+0000 [clientcursormon]  connections:1
2016-01-18T16:35:52.822+0000 [clientcursormon] mem (MB) res:29 virt:248
2016-01-18T16:35:52.822+0000 [clientcursormon]  mapped (incl journal view):64
2016-01-18T16:35:52.822+0000 [clientcursormon]  connections:1
2016-01-18T16:40:52.837+0000 [clientcursormon] mem (MB) res:29 virt:248
2016-01-18T16:40:52.837+0000 [clientcursormon]  mapped (incl journal view):64
2016-01-18T16:40:52.837+0000 [clientcursormon]  connections:1
2016-01-18T16:45:52.866+0000 [clientcursormon] mem (MB) res:29 virt:248
2016-01-18T16:45:52.866+0000 [clientcursormon]  mapped (incl journal view):64
2016-01-18T16:45:52.866+0000 [clientcursormon]  connections:1
2016-01-18T16:50:52.917+0000 [clientcursormon] mem (MB) res:29 virt:248
2016-01-18T16:50:52.917+0000 [clientcursormon]  mapped (incl journal view):64
2016-01-18T16:50:52.917+0000 [clientcursormon]  connections:1
2016-01-18T16:55:52.944+0000 [clientcursormon] mem (MB) res:29 virt:248
2016-01-18T16:55:52.944+0000 [clientcursormon]  mapped (incl journal view):64
2016-01-18T16:55:52.944+0000 [clientcursormon]  connections:1
2016-01-18T17:00:52.967+0000 [clientcursormon] mem (MB) res:29 virt:248
2016-01-18T17:00:52.968+0000 [clientcursormon]  mapped (incl journal view):64
2016-01-18T17:00:52.968+0000 [clientcursormon]  connections:1
2016-01-18T17:05:53.000+0000 [clientcursormon] mem (MB) res:29 virt:248
2016-01-18T17:05:53.001+0000 [clientcursormon]  mapped (incl journal view):64
2016-01-18T17:05:53.001+0000 [clientcursormon]  connections:1
2016-01-18T17:10:53.018+0000 [clientcursormon] mem (MB) res:29 virt:248
2016-01-18T17:10:53.019+0000 [clientcursormon]  mapped (incl journal view):64
2016-01-18T17:10:53.019+0000 [clientcursormon]  connections:1
2016-01-18T17:15:53.035+0000 [clientcursormon] mem (MB) res:29 virt:248
2016-01-18T17:15:53.035+0000 [clientcursormon]  mapped (incl journal view):64
2016-01-18T17:15:53.035+0000 [clientcursormon]  connections:1
2016-01-18T17:20:53.059+0000 [clientcursormon] mem (MB) res:29 virt:248
2016-01-18T17:20:53.059+0000 [clientcursormon]  mapped (incl journal view):64
2016-01-18T17:20:53.059+0000 [clientcursormon]  connections:1
2016-01-18T17:25:53.075+0000 [clientcursormon] mem (MB) res:29 virt:248
2016-01-18T17:25:53.076+0000 [clientcursormon]  mapped (incl journal view):64
2016-01-18T17:25:53.076+0000 [clientcursormon]  connections:1
2016-01-18T17:30:53.097+0000 [clientcursormon] mem (MB) res:29 virt:248
2016-01-18T17:30:53.097+0000 [clientcursormon]  mapped (incl journal view):64
2016-01-18T17:30:53.097+0000 [clientcursormon]  connections:1
2016-01-18T17:35:53.114+0000 [clientcursormon] mem (MB) res:29 virt:248
2016-01-18T17:35:53.114+0000 [clientcursormon]  mapped (incl journal view):64
2016-01-18T17:35:53.114+0000 [clientcursormon]  connections:1
2016-01-18T17:40:53.136+0000 [clientcursormon] mem (MB) res:29 virt:248
2016-01-18T17:40:53.136+0000 [clientcursormon]  mapped (incl journal view):64
2016-01-18T17:40:53.136+0000 [clientcursormon]  connections:1
2016-01-18T17:45:53.154+0000 [clientcursormon] mem (MB) res:29 virt:248
2016-01-18T17:45:53.154+0000 [clientcursormon]  mapped (incl journal view):64
2016-01-18T17:45:53.154+0000 [clientcursormon]  connections:1
2016-01-18T17:50:53.174+0000 [clientcursormon] mem (MB) res:29 virt:248
2016-01-18T17:50:53.174+0000 [clientcursormon]  mapped (incl journal view):64
2016-01-18T17:50:53.174+0000 [clientcursormon]  connections:1
2016-01-18T17:55:53.192+0000 [clientcursormon] mem (MB) res:29 virt:248
2016-01-18T17:55:53.192+0000 [clientcursormon]  mapped (incl journal view):64
2016-01-18T17:55:53.192+0000 [clientcursormon]  connections:1
2016-01-18T18:00:53.225+0000 [clientcursormon] mem (MB) res:29 virt:248
2016-01-18T18:00:53.225+0000 [clientcursormon]  mapped (incl journal view):64
2016-01-18T18:00:53.225+0000 [clientcursormon]  connections:1
2016-01-18T18:05:53.278+0000 [clientcursormon] mem (MB) res:29 virt:248
2016-01-18T18:05:53.278+0000 [clientcursormon]  mapped (incl journal view):64
2016-01-18T18:05:53.278+0000 [clientcursormon]  connections:1
2016-01-18T18:10:53.307+0000 [clientcursormon] mem (MB) res:29 virt:248
2016-01-18T18:10:53.308+0000 [clientcursormon]  mapped (incl journal view):64
2016-01-18T18:10:53.308+0000 [clientcursormon]  connections:1
2016-01-18T18:15:53.340+0000 [clientcursormon] mem (MB) res:29 virt:248
2016-01-18T18:15:53.340+0000 [clientcursormon]  mapped (incl journal view):64
2016-01-18T18:15:53.340+0000 [clientcursormon]  connections:1
2016-01-18T18:20:53.369+0000 [clientcursormon] mem (MB) res:29 virt:248
2016-01-18T18:20:53.369+0000 [clientcursormon]  mapped (incl journal view):64
2016-01-18T18:20:53.369+0000 [clientcursormon]  connections:1
2016-01-18T18:25:53.394+0000 [clientcursormon] mem (MB) res:29 virt:248
2016-01-18T18:25:53.395+0000 [clientcursormon]  mapped (incl journal view):64
2016-01-18T18:25:53.395+0000 [clientcursormon]  connections:1
2016-01-18T18:30:53.453+0000 [clientcursormon] mem (MB) res:29 virt:248
2016-01-18T18:30:53.453+0000 [clientcursormon]  mapped (incl journal view):64
2016-01-18T18:30:53.453+0000 [clientcursormon]  connections:1
2016-01-18T18:35:53.478+0000 [clientcursormon] mem (MB) res:29 virt:248
2016-01-18T18:35:53.478+0000 [clientcursormon]  mapped (incl journal view):64
2016-01-18T18:35:53.478+0000 [clientcursormon]  connections:1
2016-01-18T18:40:53.505+0000 [clientcursormon] mem (MB) res:29 virt:248
2016-01-18T18:40:53.506+0000 [clientcursormon]  mapped (incl journal view):64
2016-01-18T18:40:53.506+0000 [clientcursormon]  connections:1
2016-01-18T18:45:53.528+0000 [clientcursormon] mem (MB) res:29 virt:248
2016-01-18T18:45:53.528+0000 [clientcursormon]  mapped (incl journal view):64
2016-01-18T18:45:53.528+0000 [clientcursormon]  connections:1
2016-01-18T18:50:53.542+0000 [clientcursormon] mem (MB) res:29 virt:248
2016-01-18T18:50:53.542+0000 [clientcursormon]  mapped (incl journal view):64
2016-01-18T18:50:53.542+0000 [clientcursormon]  connections:1
2016-01-18T18:55:53.572+0000 [clientcursormon] mem (MB) res:29 virt:248
2016-01-18T18:55:53.572+0000 [clientcursormon]  mapped (incl journal view):64
2016-01-18T18:55:53.572+0000 [clientcursormon]  connections:1
2016-01-18T19:00:53.614+0000 [clientcursormon] mem (MB) res:29 virt:248
2016-01-18T19:00:53.614+0000 [clientcursormon]  mapped (incl journal view):64
2016-01-18T19:00:53.614+0000 [clientcursormon]  connections:1
2016-01-18T19:05:53.633+0000 [clientcursormon] mem (MB) res:29 virt:248
2016-01-18T19:05:53.633+0000 [clientcursormon]  mapped (incl journal view):64
2016-01-18T19:05:53.633+0000 [clientcursormon]  connections:1
2016-01-18T19:10:53.666+0000 [clientcursormon] mem (MB) res:29 virt:248
2016-01-18T19:10:53.666+0000 [clientcursormon]  mapped (incl journal view):64
2016-01-18T19:10:53.666+0000 [clientcursormon]  connections:1
2016-01-18T19:15:53.684+0000 [clientcursormon] mem (MB) res:29 virt:248
2016-01-18T19:15:53.685+0000 [clientcursormon]  mapped (incl journal view):64
2016-01-18T19:15:53.685+0000 [clientcursormon]  connections:1
2016-01-18T19:20:53.710+0000 [clientcursormon] mem (MB) res:29 virt:248
2016-01-18T19:20:53.710+0000 [clientcursormon]  mapped (incl journal view):64
2016-01-18T19:20:53.710+0000 [clientcursormon]  connections:1
2016-01-18T19:25:53.730+0000 [clientcursormon] mem (MB) res:29 virt:248
2016-01-18T19:25:53.732+0000 [clientcursormon]  mapped (incl journal view):64
2016-01-18T19:25:53.732+0000 [clientcursormon]  connections:1
2016-01-18T19:30:53.760+0000 [clientcursormon] mem (MB) res:29 virt:248
2016-01-18T19:30:53.760+0000 [clientcursormon]  mapped (incl journal view):64
2016-01-18T19:30:53.761+0000 [clientcursormon]  connections:1
2016-01-18T19:35:53.778+0000 [clientcursormon] mem (MB) res:29 virt:248
2016-01-18T19:35:53.778+0000 [clientcursormon]  mapped (incl journal view):64
2016-01-18T19:35:53.778+0000 [clientcursormon]  connections:1
2016-01-18T19:40:53.800+0000 [clientcursormon] mem (MB) res:29 virt:248
2016-01-18T19:40:53.801+0000 [clientcursormon]  mapped (incl journal view):64
2016-01-18T19:40:53.801+0000 [clientcursormon]  connections:1
2016-01-18T19:45:53.816+0000 [clientcursormon] mem (MB) res:29 virt:248
2016-01-18T19:45:53.816+0000 [clientcursormon]  mapped (incl journal view):64
2016-01-18T19:45:53.816+0000 [clientcursormon]  connections:1
2016-01-18T19:50:53.835+0000 [clientcursormon] mem (MB) res:29 virt:248
2016-01-18T19:50:53.835+0000 [clientcursormon]  mapped (incl journal view):64
2016-01-18T19:50:53.835+0000 [clientcursormon]  connections:1
2016-01-18T19:55:53.867+0000 [clientcursormon] mem (MB) res:29 virt:248
2016-01-18T19:55:53.867+0000 [clientcursormon]  mapped (incl journal view):64
2016-01-18T19:55:53.867+0000 [clientcursormon]  connections:1
2016-01-18T20:00:53.884+0000 [clientcursormon] mem (MB) res:29 virt:248
2016-01-18T20:00:53.885+0000 [clientcursormon]  mapped (incl journal view):64
2016-01-18T20:00:53.885+0000 [clientcursormon]  connections:1
2016-01-18T20:05:53.910+0000 [clientcursormon] mem (MB) res:29 virt:248
2016-01-18T20:05:53.910+0000 [clientcursormon]  mapped (incl journal view):64
2016-01-18T20:05:53.910+0000 [clientcursormon]  connections:1
2016-01-18T20:10:53.926+0000 [clientcursormon] mem (MB) res:29 virt:248
2016-01-18T20:10:53.927+0000 [clientcursormon]  mapped (incl journal view):64
2016-01-18T20:10:53.927+0000 [clientcursormon]  connections:1
2016-01-18T20:15:53.956+0000 [clientcursormon] mem (MB) res:29 virt:248
2016-01-18T20:15:53.956+0000 [clientcursormon]  mapped (incl journal view):64
2016-01-18T20:15:53.956+0000 [clientcursormon]  connections:1
2016-01-18T20:20:53.989+0000 [clientcursormon] mem (MB) res:29 virt:248
2016-01-18T20:20:53.989+0000 [clientcursormon]  mapped (incl journal view):64
2016-01-18T20:20:53.990+0000 [clientcursormon]  connections:1
2016-01-18T20:25:54.004+0000 [clientcursormon] mem (MB) res:29 virt:248
2016-01-18T20:25:54.004+0000 [clientcursormon]  mapped (incl journal view):64
2016-01-18T20:25:54.004+0000 [clientcursormon]  connections:1
2016-01-18T20:30:54.024+0000 [clientcursormon] mem (MB) res:29 virt:248
2016-01-18T20:30:54.024+0000 [clientcursormon]  mapped (incl journal view):64
2016-01-18T20:30:54.024+0000 [clientcursormon]  connections:1
2016-01-18T20:35:54.057+0000 [clientcursormon] mem (MB) res:29 virt:248
2016-01-18T20:35:54.057+0000 [clientcursormon]  mapped (incl journal view):64
2016-01-18T20:35:54.057+0000 [clientcursormon]  connections:1
2016-01-18T20:40:54.088+0000 [clientcursormon] mem (MB) res:29 virt:248
2016-01-18T20:40:54.088+0000 [clientcursormon]  mapped (incl journal view):64
2016-01-18T20:40:54.088+0000 [clientcursormon]  connections:1
2016-01-18T20:45:54.114+0000 [clientcursormon] mem (MB) res:29 virt:248
2016-01-18T20:45:54.114+0000 [clientcursormon]  mapped (incl journal view):64
2016-01-18T20:45:54.114+0000 [clientcursormon]  connections:1
2016-01-18T20:50:54.145+0000 [clientcursormon] mem (MB) res:29 virt:248
2016-01-18T20:50:54.146+0000 [clientcursormon]  mapped (incl journal view):64
2016-01-18T20:50:54.146+0000 [clientcursormon]  connections:1
2016-01-18T20:55:54.165+0000 [clientcursormon] mem (MB) res:29 virt:248
2016-01-18T20:55:54.165+0000 [clientcursormon]  mapped (incl journal view):64
2016-01-18T20:55:54.165+0000 [clientcursormon]  connections:1
2016-01-18T21:00:54.220+0000 [clientcursormon] mem (MB) res:29 virt:248
2016-01-18T21:00:54.220+0000 [clientcursormon]  mapped (incl journal view):64
2016-01-18T21:00:54.220+0000 [clientcursormon]  connections:1
2016-01-18T21:05:54.255+0000 [clientcursormon] mem (MB) res:29 virt:248
2016-01-18T21:05:54.255+0000 [clientcursormon]  mapped (incl journal view):64
2016-01-18T21:05:54.255+0000 [clientcursormon]  connections:1
2016-01-18T21:10:54.281+0000 [clientcursormon] mem (MB) res:29 virt:248
2016-01-18T21:10:54.281+0000 [clientcursormon]  mapped (incl journal view):64
2016-01-18T21:10:54.281+0000 [clientcursormon]  connections:1
2016-01-18T21:15:54.316+0000 [clientcursormon] mem (MB) res:29 virt:248
2016-01-18T21:15:54.316+0000 [clientcursormon]  mapped (incl journal view):64
2016-01-18T21:15:54.316+0000 [clientcursormon]  connections:1
2016-01-18T21:20:54.349+0000 [clientcursormon] mem (MB) res:29 virt:248
2016-01-18T21:20:54.357+0000 [clientcursormon]  mapped (incl journal view):64
2016-01-18T21:20:54.357+0000 [clientcursormon]  connections:1
2016-01-18T21:25:54.407+0000 [clientcursormon] mem (MB) res:29 virt:248
2016-01-18T21:25:54.407+0000 [clientcursormon]  mapped (incl journal view):64
2016-01-18T21:25:54.407+0000 [clientcursormon]  connections:1
2016-01-18T21:30:54.436+0000 [clientcursormon] mem (MB) res:29 virt:248
2016-01-18T21:30:54.436+0000 [clientcursormon]  mapped (incl journal view):64
2016-01-18T21:30:54.436+0000 [clientcursormon]  connections:1
2016-01-18T21:35:54.473+0000 [clientcursormon] mem (MB) res:29 virt:248
2016-01-18T21:35:54.473+0000 [clientcursormon]  mapped (incl journal view):64
2016-01-18T21:35:54.473+0000 [clientcursormon]  connections:1
2016-01-18T21:40:54.507+0000 [clientcursormon] mem (MB) res:29 virt:248
2016-01-18T21:40:54.507+0000 [clientcursormon]  mapped (incl journal view):64
2016-01-18T21:40:54.507+0000 [clientcursormon]  connections:1
2016-01-18T21:45:54.523+0000 [clientcursormon] mem (MB) res:29 virt:248
2016-01-18T21:45:54.523+0000 [clientcursormon]  mapped (incl journal view):64
2016-01-18T21:45:54.523+0000 [clientcursormon]  connections:1
2016-01-18T21:50:54.544+0000 [clientcursormon] mem (MB) res:29 virt:248
2016-01-18T21:50:54.544+0000 [clientcursormon]  mapped (incl journal view):64
2016-01-18T21:50:54.544+0000 [clientcursormon]  connections:1
2016-01-18T21:55:54.568+0000 [clientcursormon] mem (MB) res:29 virt:248
2016-01-18T21:55:54.568+0000 [clientcursormon]  mapped (incl journal view):64
2016-01-18T21:55:54.568+0000 [clientcursormon]  connections:1
2016-01-18T22:00:54.589+0000 [clientcursormon] mem (MB) res:29 virt:248
2016-01-18T22:00:54.589+0000 [clientcursormon]  mapped (incl journal view):64
2016-01-18T22:00:54.589+0000 [clientcursormon]  connections:1
2016-01-18T22:05:54.617+0000 [clientcursormon] mem (MB) res:29 virt:248
2016-01-18T22:05:54.618+0000 [clientcursormon]  mapped (incl journal view):64
2016-01-18T22:05:54.618+0000 [clientcursormon]  connections:1
2016-01-18T22:10:54.640+0000 [clientcursormon] mem (MB) res:29 virt:248
2016-01-18T22:10:54.640+0000 [clientcursormon]  mapped (incl journal view):64
2016-01-18T22:10:54.640+0000 [clientcursormon]  connections:1
2016-01-18T22:15:54.662+0000 [clientcursormon] mem (MB) res:29 virt:248
2016-01-18T22:15:54.663+0000 [clientcursormon]  mapped (incl journal view):64
2016-01-18T22:15:54.663+0000 [clientcursormon]  connections:1
2016-01-18T22:20:54.683+0000 [clientcursormon] mem (MB) res:29 virt:248
2016-01-18T22:20:54.683+0000 [clientcursormon]  mapped (incl journal view):64
2016-01-18T22:20:54.683+0000 [clientcursormon]  connections:1
2016-01-18T22:25:54.703+0000 [clientcursormon] mem (MB) res:29 virt:248
2016-01-18T22:25:54.703+0000 [clientcursormon]  mapped (incl journal view):64
2016-01-18T22:25:54.703+0000 [clientcursormon]  connections:1
2016-01-18T22:30:54.725+0000 [clientcursormon] mem (MB) res:29 virt:248
2016-01-18T22:30:54.725+0000 [clientcursormon]  mapped (incl journal view):64
2016-01-18T22:30:54.726+0000 [clientcursormon]  connections:1
2016-01-18T22:35:54.744+0000 [clientcursormon] mem (MB) res:29 virt:248
2016-01-18T22:35:54.744+0000 [clientcursormon]  mapped (incl journal view):64
2016-01-18T22:35:54.744+0000 [clientcursormon]  connections:1
2016-01-18T22:40:54.772+0000 [clientcursormon] mem (MB) res:29 virt:248
2016-01-18T22:40:54.772+0000 [clientcursormon]  mapped (incl journal view):64
2016-01-18T22:40:54.772+0000 [clientcursormon]  connections:1
2016-01-18T22:45:54.792+0000 [clientcursormon] mem (MB) res:29 virt:248
2016-01-18T22:45:54.792+0000 [clientcursormon]  mapped (incl journal view):64
2016-01-18T22:45:54.792+0000 [clientcursormon]  connections:1
2016-01-18T22:50:54.813+0000 [clientcursormon] mem (MB) res:29 virt:248
2016-01-18T22:50:54.813+0000 [clientcursormon]  mapped (incl journal view):64
2016-01-18T22:50:54.813+0000 [clientcursormon]  connections:1
2016-01-18T22:55:54.826+0000 [clientcursormon] mem (MB) res:29 virt:248
2016-01-18T22:55:54.826+0000 [clientcursormon]  mapped (incl journal view):64
2016-01-18T22:55:54.826+0000 [clientcursormon]  connections:1
2016-01-18T23:00:54.861+0000 [clientcursormon] mem (MB) res:29 virt:248
2016-01-18T23:00:54.861+0000 [clientcursormon]  mapped (incl journal view):64
2016-01-18T23:00:54.861+0000 [clientcursormon]  connections:1
2016-01-18T23:05:54.883+0000 [clientcursormon] mem (MB) res:29 virt:248
2016-01-18T23:05:54.883+0000 [clientcursormon]  mapped (incl journal view):64
2016-01-18T23:05:54.883+0000 [clientcursormon]  connections:1
2016-01-18T23:10:54.907+0000 [clientcursormon] mem (MB) res:29 virt:248
2016-01-18T23:10:54.907+0000 [clientcursormon]  mapped (incl journal view):64
2016-01-18T23:10:54.907+0000 [clientcursormon]  connections:1
2016-01-18T23:15:54.936+0000 [clientcursormon] mem (MB) res:29 virt:248
2016-01-18T23:15:54.936+0000 [clientcursormon]  mapped (incl journal view):64
2016-01-18T23:15:54.936+0000 [clientcursormon]  connections:1
2016-01-18T23:20:54.967+0000 [clientcursormon] mem (MB) res:29 virt:248
2016-01-18T23:20:54.967+0000 [clientcursormon]  mapped (incl journal view):64
2016-01-18T23:20:54.967+0000 [clientcursormon]  connections:1
2016-01-18T23:25:55.005+0000 [clientcursormon] mem (MB) res:29 virt:248
2016-01-18T23:25:55.013+0000 [clientcursormon]  mapped (incl journal view):64
2016-01-18T23:25:55.013+0000 [clientcursormon]  connections:1
2016-01-18T23:30:55.049+0000 [clientcursormon] mem (MB) res:29 virt:248
2016-01-18T23:30:55.049+0000 [clientcursormon]  mapped (incl journal view):64
2016-01-18T23:30:55.049+0000 [clientcursormon]  connections:1
2016-01-18T23:35:55.077+0000 [clientcursormon] mem (MB) res:29 virt:248
2016-01-18T23:35:55.078+0000 [clientcursormon]  mapped (incl journal view):64
2016-01-18T23:35:55.078+0000 [clientcursormon]  connections:1
2016-01-18T23:40:55.104+0000 [clientcursormon] mem (MB) res:29 virt:248
2016-01-18T23:40:55.104+0000 [clientcursormon]  mapped (incl journal view):64
2016-01-18T23:40:55.104+0000 [clientcursormon]  connections:1
2016-01-18T23:45:55.118+0000 [clientcursormon] mem (MB) res:29 virt:248
2016-01-18T23:45:55.119+0000 [clientcursormon]  mapped (incl journal view):64
2016-01-18T23:45:55.119+0000 [clientcursormon]  connections:1
2016-01-18T23:50:55.146+0000 [clientcursormon] mem (MB) res:29 virt:248
2016-01-18T23:50:55.146+0000 [clientcursormon]  mapped (incl journal view):64
2016-01-18T23:50:55.146+0000 [clientcursormon]  connections:1
2016-01-18T23:55:55.170+0000 [clientcursormon] mem (MB) res:29 virt:248
2016-01-18T23:55:55.170+0000 [clientcursormon]  mapped (incl journal view):64
2016-01-18T23:55:55.170+0000 [clientcursormon]  connections:1
2016-01-19T00:00:55.195+0000 [clientcursormon] mem (MB) res:29 virt:248
2016-01-19T00:00:55.195+0000 [clientcursormon]  mapped (incl journal view):64
2016-01-19T00:00:55.195+0000 [clientcursormon]  connections:1
2016-01-19T00:05:55.230+0000 [clientcursormon] mem (MB) res:29 virt:248
2016-01-19T00:05:55.230+0000 [clientcursormon]  mapped (incl journal view):64
2016-01-19T00:05:55.230+0000 [clientcursormon]  connections:1
2016-01-19T00:10:55.269+0000 [clientcursormon] mem (MB) res:29 virt:248
2016-01-19T00:10:55.269+0000 [clientcursormon]  mapped (incl journal view):64
2016-01-19T00:10:55.269+0000 [clientcursormon]  connections:1
2016-01-19T00:15:55.292+0000 [clientcursormon] mem (MB) res:29 virt:248
2016-01-19T00:15:55.292+0000 [clientcursormon]  mapped (incl journal view):64
2016-01-19T00:15:55.292+0000 [clientcursormon]  connections:1
2016-01-19T00:20:55.317+0000 [clientcursormon] mem (MB) res:29 virt:248
2016-01-19T00:20:55.317+0000 [clientcursormon]  mapped (incl journal view):64
2016-01-19T00:20:55.317+0000 [clientcursormon]  connections:1
2016-01-19T00:25:55.338+0000 [clientcursormon] mem (MB) res:29 virt:248
2016-01-19T00:25:55.338+0000 [clientcursormon]  mapped (incl journal view):64
2016-01-19T00:25:55.339+0000 [clientcursormon]  connections:1
2016-01-19T00:30:55.360+0000 [clientcursormon] mem (MB) res:29 virt:248
2016-01-19T00:30:55.360+0000 [clientcursormon]  mapped (incl journal view):64
2016-01-19T00:30:55.360+0000 [clientcursormon]  connections:1
2016-01-19T00:35:55.400+0000 [clientcursormon] mem (MB) res:29 virt:248
2016-01-19T00:35:55.400+0000 [clientcursormon]  mapped (incl journal view):64
2016-01-19T00:35:55.400+0000 [clientcursormon]  connections:1
2016-01-19T00:40:55.424+0000 [clientcursormon] mem (MB) res:29 virt:248
2016-01-19T00:40:55.424+0000 [clientcursormon]  mapped (incl journal view):64
2016-01-19T00:40:55.424+0000 [clientcursormon]  connections:1
2016-01-19T00:45:55.468+0000 [clientcursormon] mem (MB) res:29 virt:248
2016-01-19T00:45:55.469+0000 [clientcursormon]  mapped (incl journal view):64
2016-01-19T00:45:55.469+0000 [clientcursormon]  connections:1
2016-01-19T00:50:55.493+0000 [clientcursormon] mem (MB) res:29 virt:248
2016-01-19T00:50:55.493+0000 [clientcursormon]  mapped (incl journal view):64
2016-01-19T00:50:55.493+0000 [clientcursormon]  connections:1
2016-01-19T00:55:55.515+0000 [clientcursormon] mem (MB) res:29 virt:248
2016-01-19T00:55:55.515+0000 [clientcursormon]  mapped (incl journal view):64
2016-01-19T00:55:55.515+0000 [clientcursormon]  connections:1
2016-01-19T01:00:55.546+0000 [clientcursormon] mem (MB) res:29 virt:248
2016-01-19T01:00:55.546+0000 [clientcursormon]  mapped (incl journal view):64
2016-01-19T01:00:55.546+0000 [clientcursormon]  connections:1
2016-01-19T01:05:55.569+0000 [clientcursormon] mem (MB) res:29 virt:248
2016-01-19T01:05:55.569+0000 [clientcursormon]  mapped (incl journal view):64
2016-01-19T01:05:55.569+0000 [clientcursormon]  connections:1
2016-01-19T01:10:55.593+0000 [clientcursormon] mem (MB) res:29 virt:248
2016-01-19T01:10:55.593+0000 [clientcursormon]  mapped (incl journal view):64
2016-01-19T01:10:55.593+0000 [clientcursormon]  connections:1
2016-01-19T01:15:55.615+0000 [clientcursormon] mem (MB) res:29 virt:248
2016-01-19T01:15:55.615+0000 [clientcursormon]  mapped (incl journal view):64
2016-01-19T01:15:55.615+0000 [clientcursormon]  connections:1
2016-01-19T01:20:55.637+0000 [clientcursormon] mem (MB) res:29 virt:248
2016-01-19T01:20:55.638+0000 [clientcursormon]  mapped (incl journal view):64
2016-01-19T01:20:55.638+0000 [clientcursormon]  connections:1
2016-01-19T01:25:55.662+0000 [clientcursormon] mem (MB) res:29 virt:248
2016-01-19T01:25:55.662+0000 [clientcursormon]  mapped (incl journal view):64
2016-01-19T01:25:55.663+0000 [clientcursormon]  connections:1
2016-01-19T01:30:55.682+0000 [clientcursormon] mem (MB) res:29 virt:248
2016-01-19T01:30:55.682+0000 [clientcursormon]  mapped (incl journal view):64
2016-01-19T01:30:55.682+0000 [clientcursormon]  connections:1
2016-01-19T01:35:55.698+0000 [clientcursormon] mem (MB) res:29 virt:248
2016-01-19T01:35:55.698+0000 [clientcursormon]  mapped (incl journal view):64
2016-01-19T01:35:55.698+0000 [clientcursormon]  connections:1
2016-01-19T01:40:55.730+0000 [clientcursormon] mem (MB) res:29 virt:248
2016-01-19T01:40:55.730+0000 [clientcursormon]  mapped (incl journal view):64
2016-01-19T01:40:55.730+0000 [clientcursormon]  connections:1
2016-01-19T01:45:55.751+0000 [clientcursormon] mem (MB) res:29 virt:248
2016-01-19T01:45:55.752+0000 [clientcursormon]  mapped (incl journal view):64
2016-01-19T01:45:55.752+0000 [clientcursormon]  connections:1
2016-01-19T01:50:55.777+0000 [clientcursormon] mem (MB) res:29 virt:248
2016-01-19T01:50:55.777+0000 [clientcursormon]  mapped (incl journal view):64
2016-01-19T01:50:55.777+0000 [clientcursormon]  connections:1
2016-01-19T01:55:55.795+0000 [clientcursormon] mem (MB) res:29 virt:248
2016-01-19T01:55:55.795+0000 [clientcursormon]  mapped (incl journal view):64
2016-01-19T01:55:55.795+0000 [clientcursormon]  connections:1
2016-01-19T01:57:29.513+0000 [initandlisten] connection accepted from 127.0.0.1:56782 #3 (2 connections now open)
2016-01-19T02:00:52.944+0000 [signalProcessingThread] got signal 2 (Interrupt), will terminate after current cmd ends
2016-01-19T02:00:52.953+0000 [signalProcessingThread] now exiting
2016-01-19T02:00:52.953+0000 [signalProcessingThread] dbexit: 
2016-01-19T02:00:52.955+0000 [signalProcessingThread] shutdown: going to close listening sockets...
2016-01-19T02:00:52.955+0000 [signalProcessingThread] closing listening socket: 8
2016-01-19T02:00:52.955+0000 [signalProcessingThread] closing listening socket: 11
2016-01-19T02:00:52.955+0000 [signalProcessingThread] removing socket file: /tmp/mongodb-27017.sock
2016-01-19T02:00:52.955+0000 [signalProcessingThread] shutdown: going to flush diaglog...
2016-01-19T02:00:52.955+0000 [signalProcessingThread] shutdown: going to close sockets...
2016-01-19T02:00:52.956+0000 [signalProcessingThread] shutdown: waiting for fs preallocator...
2016-01-19T02:00:52.960+0000 [signalProcessingThread] shutdown: lock for final commit...
2016-01-19T02:00:52.961+0000 [signalProcessingThread] shutdown: final commit...
2016-01-19T02:00:52.964+0000 [signalProcessingThread] shutdown: closing all files...
2016-01-19T02:00:52.967+0000 [signalProcessingThread] closeAllFiles() finished
2016-01-19T02:00:52.967+0000 [signalProcessingThread] journalCleanup...
2016-01-19T02:00:52.967+0000 [signalProcessingThread] removeJournalFiles
2016-01-19T02:00:52.973+0000 [conn2] end connection 127.0.0.1:35950 (1 connection now open)
2016-01-19T02:00:52.974+0000 [conn3] end connection 127.0.0.1:56782 (0 connections now open)
2016-01-19T02:00:52.976+0000 [signalProcessingThread] shutdown: removing fs lock...
2016-01-19T02:00:52.976+0000 [signalProcessingThread] dbexit: really exiting now
2016-01-19T02:25:17.607+0000 ***** SERVER RESTARTED *****
2016-01-19T02:25:17.615+0000 [initandlisten] MongoDB starting : pid=5136 port=27017 dbpath=data/ 64-bit host=poxstone-flask-2418746
2016-01-19T02:25:17.616+0000 [initandlisten] db version v2.6.11
2016-01-19T02:25:17.616+0000 [initandlisten] git version: d00c1735675c457f75a12d530bee85421f0c5548
2016-01-19T02:25:17.616+0000 [initandlisten] build info: Linux build4.ny.cbi.10gen.cc 2.6.32-431.3.1.el6.x86_64 #1 SMP Fri Jan 3 21:39:27 UTC 2014 x86_64 BOOST_LIB_VERSION=1_49
2016-01-19T02:25:17.616+0000 [initandlisten] allocator: tcmalloc
2016-01-19T02:25:17.616+0000 [initandlisten] options: { config: "mongod.conf", net: { bindIp: "127.0.0.1", port: 27017 }, storage: { dbPath: "data/", journal: { enabled: true }, smallFiles: true }, systemLog: { destination: "file", logAppend: true, path: "mongodb.log" } }
2016-01-19T02:25:17.622+0000 [initandlisten] journal dir=data/journal
2016-01-19T02:25:17.622+0000 [initandlisten] recover : no journal files present, no recovery needed
2016-01-19T02:25:17.814+0000 [initandlisten] waiting for connections on port 27017
2016-01-19T02:25:19.309+0000 [initandlisten] connection accepted from 127.0.0.1:58484 #1 (1 connection now open)
2016-01-19T02:25:28.383+0000 [initandlisten] connection accepted from 127.0.0.1:59212 #2 (2 connections now open)
2016-01-19T02:26:17.813+0000 [clientcursormon] mem (MB) res:44 virt:249
2016-01-19T02:26:17.813+0000 [clientcursormon]  mapped (incl journal view):64
2016-01-19T02:26:17.813+0000 [clientcursormon]  connections:2
2016-01-19T02:26:54.006+0000 [conn1] end connection 127.0.0.1:58484 (1 connection now open)
2016-01-19T02:29:15.016+0000 ***** SERVER RESTARTED *****
2016-01-19T02:29:15.019+0000 [initandlisten] MongoDB starting : pid=1196 port=27017 dbpath=data/ 64-bit host=poxstone-flask-2418746
2016-01-19T02:29:15.020+0000 [initandlisten] db version v2.6.11
2016-01-19T02:29:15.020+0000 [initandlisten] git version: d00c1735675c457f75a12d530bee85421f0c5548
2016-01-19T02:29:15.020+0000 [initandlisten] build info: Linux build4.ny.cbi.10gen.cc 2.6.32-431.3.1.el6.x86_64 #1 SMP Fri Jan 3 21:39:27 UTC 2014 x86_64 BOOST_LIB_VERSION=1_49
2016-01-19T02:29:15.020+0000 [initandlisten] allocator: tcmalloc
2016-01-19T02:29:15.020+0000 [initandlisten] options: { config: "mongod.conf", net: { bindIp: "127.0.0.1", port: 27017 }, storage: { dbPath: "data/", journal: { enabled: true }, smallFiles: true }, systemLog: { destination: "file", logAppend: true, path: "mongodb.log" } }
2016-01-19T02:29:15.141+0000 [initandlisten] journal dir=data/journal
2016-01-19T02:29:15.142+0000 [initandlisten] recover begin
2016-01-19T02:29:15.142+0000 [initandlisten] info no lsn file in journal/ directory
2016-01-19T02:29:15.142+0000 [initandlisten] recover lsn: 0
2016-01-19T02:29:15.142+0000 [initandlisten] recover data/journal/j._0
2016-01-19T02:29:15.147+0000 [initandlisten] recover cleaning up
2016-01-19T02:29:15.147+0000 [initandlisten] removeJournalFiles
2016-01-19T02:29:15.151+0000 [initandlisten] recover done
2016-01-19T02:29:15.382+0000 [initandlisten] waiting for connections on port 27017
2016-01-19T02:29:45.185+0000 [initandlisten] connection accepted from 127.0.0.1:54786 #1 (1 connection now open)
2016-01-19T02:30:15.386+0000 [clientcursormon] mem (MB) res:44 virt:248
2016-01-19T02:30:15.386+0000 [clientcursormon]  mapped (incl journal view):64
2016-01-19T02:30:15.386+0000 [clientcursormon]  connections:1
2016-01-19T02:30:46.333+0000 [signalProcessingThread] got signal 2 (Interrupt), will terminate after current cmd ends
2016-01-19T02:30:46.333+0000 [signalProcessingThread] now exiting
2016-01-19T02:30:46.333+0000 [signalProcessingThread] dbexit: 
2016-01-19T02:30:46.333+0000 [signalProcessingThread] shutdown: going to close listening sockets...
2016-01-19T02:30:46.333+0000 [signalProcessingThread] closing listening socket: 9
2016-01-19T02:30:46.333+0000 [signalProcessingThread] closing listening socket: 11
2016-01-19T02:30:46.333+0000 [signalProcessingThread] removing socket file: /tmp/mongodb-27017.sock
2016-01-19T02:30:46.333+0000 [signalProcessingThread] shutdown: going to flush diaglog...
2016-01-19T02:30:46.333+0000 [signalProcessingThread] shutdown: going to close sockets...
2016-01-19T02:30:46.341+0000 [signalProcessingThread] shutdown: waiting for fs preallocator...
2016-01-19T02:30:46.341+0000 [signalProcessingThread] shutdown: lock for final commit...
2016-01-19T02:30:46.341+0000 [signalProcessingThread] shutdown: final commit...
2016-01-19T02:30:46.342+0000 [signalProcessingThread] shutdown: closing all files...
2016-01-19T02:30:46.342+0000 [signalProcessingThread] closeAllFiles() finished
2016-01-19T02:30:46.343+0000 [signalProcessingThread] journalCleanup...
2016-01-19T02:30:46.345+0000 [signalProcessingThread] removeJournalFiles
2016-01-19T02:30:46.346+0000 [conn1] end connection 127.0.0.1:54786 (0 connections now open)
2016-01-19T02:30:46.350+0000 [signalProcessingThread] shutdown: removing fs lock...
2016-01-19T02:30:46.350+0000 [signalProcessingThread] dbexit: really exiting now
2016-01-19T02:31:17.797+0000 ***** SERVER RESTARTED *****
2016-01-19T02:31:17.803+0000 [initandlisten] MongoDB starting : pid=1478 port=27017 dbpath=data/ 64-bit host=poxstone-flask-2418746
2016-01-19T02:31:17.803+0000 [initandlisten] db version v2.6.11
2016-01-19T02:31:17.803+0000 [initandlisten] git version: d00c1735675c457f75a12d530bee85421f0c5548
2016-01-19T02:31:17.803+0000 [initandlisten] build info: Linux build4.ny.cbi.10gen.cc 2.6.32-431.3.1.el6.x86_64 #1 SMP Fri Jan 3 21:39:27 UTC 2014 x86_64 BOOST_LIB_VERSION=1_49
2016-01-19T02:31:17.803+0000 [initandlisten] allocator: tcmalloc
2016-01-19T02:31:17.803+0000 [initandlisten] options: { config: "mongod.conf", net: { bindIp: "127.0.0.1", port: 27017 }, storage: { dbPath: "data/", journal: { enabled: true }, smallFiles: true }, systemLog: { destination: "file", logAppend: true, path: "mongodb.log" } }
2016-01-19T02:31:17.809+0000 [initandlisten] journal dir=data/journal
2016-01-19T02:31:17.809+0000 [initandlisten] recover : no journal files present, no recovery needed
2016-01-19T02:31:18.080+0000 [initandlisten] preallocateIsFaster=true 3.02
2016-01-19T02:31:18.316+0000 [initandlisten] waiting for connections on port 27017
2016-01-19T02:31:48.405+0000 [initandlisten] connection accepted from 127.0.0.1:35766 #1 (1 connection now open)
2016-01-19T02:32:18.320+0000 [clientcursormon] mem (MB) res:44 virt:248
2016-01-19T02:32:18.321+0000 [clientcursormon]  mapped (incl journal view):64
2016-01-19T02:32:18.321+0000 [clientcursormon]  connections:1
2016-01-19T02:33:05.099+0000 [conn1] end connection 127.0.0.1:35766 (0 connections now open)
2016-01-19T02:33:09.173+0000 [initandlisten] connection accepted from 127.0.0.1:44098 #2 (1 connection now open)
2016-01-19T02:37:18.359+0000 [clientcursormon] mem (MB) res:44 virt:248
2016-01-19T02:37:18.360+0000 [clientcursormon]  mapped (incl journal view):64
2016-01-19T02:37:18.360+0000 [clientcursormon]  connections:1
2016-01-19T02:42:18.392+0000 [clientcursormon] mem (MB) res:44 virt:248
2016-01-19T02:42:18.392+0000 [clientcursormon]  mapped (incl journal view):64
2016-01-19T02:42:18.392+0000 [clientcursormon]  connections:1
2016-01-19T02:47:18.417+0000 [clientcursormon] mem (MB) res:44 virt:248
2016-01-19T02:47:18.418+0000 [clientcursormon]  mapped (incl journal view):64
2016-01-19T02:47:18.418+0000 [clientcursormon]  connections:1
2016-01-19T02:52:18.453+0000 [clientcursormon] mem (MB) res:44 virt:248
2016-01-19T02:52:18.453+0000 [clientcursormon]  mapped (incl journal view):64
2016-01-19T02:52:18.453+0000 [clientcursormon]  connections:1
2016-01-19T02:57:18.477+0000 [clientcursormon] mem (MB) res:44 virt:248
2016-01-19T02:57:18.477+0000 [clientcursormon]  mapped (incl journal view):64
2016-01-19T02:57:18.477+0000 [clientcursormon]  connections:1
2016-01-19T03:02:18.497+0000 [clientcursormon] mem (MB) res:44 virt:248
2016-01-19T03:02:18.497+0000 [clientcursormon]  mapped (incl journal view):64
2016-01-19T03:02:18.497+0000 [clientcursormon]  connections:1
2016-01-19T03:07:18.519+0000 [clientcursormon] mem (MB) res:44 virt:248
2016-01-19T03:07:18.520+0000 [clientcursormon]  mapped (incl journal view):64
2016-01-19T03:07:18.520+0000 [clientcursormon]  connections:1
2016-01-19T03:12:18.545+0000 [clientcursormon] mem (MB) res:44 virt:248
2016-01-19T03:12:18.546+0000 [clientcursormon]  mapped (incl journal view):64
2016-01-19T03:12:18.546+0000 [clientcursormon]  connections:1
2016-01-19T03:12:43.100+0000 [conn2] end connection 127.0.0.1:44098 (0 connections now open)
